# JRE version: Java(TM) SE Runtime Environment (19.0.1+10) (build 19.0.1+10-21)
# Java VM: Java HotSpot(TM) 64-Bit Server VM (19.0.1+10-21, mixed mode, emulated-client, sharing, tiered, compressed oops, compressed class ptrs, g1 gc, windows-amd64)
GC Precious Log:
 CardTable entry size: 512
 Card Set container configuration: InlinePtr #cards 5 size 8 Array Of Cards #cards 12 size 40 Howl #buckets 4 coarsen threshold 1843 Howl Bitmap #cards 512 size 80 coarsen threshold 460 Card regions per heap region 1 cards per card region 2048
 CPUs: 8 total, 8 available
 Memory: 8006M
 Large Page Support: Disabled
 NUMA Support: Disabled
 Compressed Oops: Enabled (32-bit)
 Heap Region Size: 1M
 Heap Min Capacity: 8M
 Heap Initial Capacity: 126M
 Heap Max Capacity: 2002M
 Pre-touch: Disabled
 Parallel Workers: 8
 Concurrent Workers: 2
 Concurrent Refinement Workers: 8
 Periodic GC: Disabled
Heap:
 garbage-first heap   total 61440K, used 27872K [0x0000000082e00000, 0x0000000100000000)
  region size 1024K, 2 young (2048K), 2 survivors (2048K)
 Metaspace       used 33651K, committed 34240K, reserved 1114112K
  class space    used 4559K, committed 4800K, reserved 1048576K
GC Heap History (17 events):
Event: 0.994 GC heap before
{Heap before GC invocations=0 (full 0):
 garbage-first heap   total 129024K, used 25600K [0x0000000082e00000, 0x0000000100000000)
  region size 1024K, 23 young (23552K), 0 survivors (0K)
 Metaspace       used 6854K, committed 7168K, reserved 1114112K
  class space    used 812K, committed 960K, reserved 1048576K
}
Event: 1.003 GC heap after
{Heap after GC invocations=1 (full 0):
 garbage-first heap   total 129024K, used 9721K [0x0000000082e00000, 0x0000000100000000)
  region size 1024K, 3 young (3072K), 3 survivors (3072K)
 Metaspace       used 6854K, committed 7168K, reserved 1114112K
  class space    used 812K, committed 960K, reserved 1048576K
}
Event: 1.567 GC heap before
{Heap before GC invocations=1 (full 0):
 garbage-first heap   total 129024K, used 35321K [0x0000000082e00000, 0x0000000100000000)
  region size 1024K, 28 young (28672K), 3 survivors (3072K)
 Metaspace       used 11105K, committed 11392K, reserved 1114112K
  class space    used 1420K, committed 1536K, reserved 1048576K
}
Event: 1.575 GC heap after
{Heap after GC invocations=2 (full 0):
 garbage-first heap   total 129024K, used 11647K [0x0000000082e00000, 0x0000000100000000)
  region size 1024K, 2 young (2048K), 2 survivors (2048K)
 Metaspace       used 11105K, committed 11392K, reserved 1114112K
  class space    used 1420K, committed 1536K, reserved 1048576K
}
Event: 2.687 GC heap before
{Heap before GC invocations=2 (full 0):
 garbage-first heap   total 129024K, used 55679K [0x0000000082e00000, 0x0000000100000000)
  region size 1024K, 47 young (48128K), 2 survivors (2048K)
 Metaspace       used 21144K, committed 21504K, reserved 1114112K
  class space    used 2701K, committed 2880K, reserved 1048576K
}
Event: 2.695 GC heap after
{Heap after GC invocations=3 (full 0):
 garbage-first heap   total 129024K, used 15181K [0x0000000082e00000, 0x0000000100000000)
  region size 1024K, 6 young (6144K), 6 survivors (6144K)
 Metaspace       used 21144K, committed 21504K, reserved 1114112K
  class space    used 2701K, committed 2880K, reserved 1048576K
}
Event: 3.807 GC heap before
{Heap before GC invocations=4 (full 0):
 garbage-first heap   total 61440K, used 44877K [0x0000000082e00000, 0x0000000100000000)
  region size 1024K, 36 young (36864K), 6 survivors (6144K)
 Metaspace       used 23329K, committed 23744K, reserved 1114112K
  class space    used 3021K, committed 3200K, reserved 1048576K
}
Event: 3.816 GC heap after
{Heap after GC invocations=5 (full 0):
 garbage-first heap   total 61440K, used 17268K [0x0000000082e00000, 0x0000000100000000)
  region size 1024K, 3 young (3072K), 3 survivors (3072K)
 Metaspace       used 23329K, committed 23744K, reserved 1114112K
  class space    used 3021K, committed 3200K, reserved 1048576K
}
Event: 3.861 GC heap before
{Heap before GC invocations=5 (full 0):
 garbage-first heap   total 61440K, used 18292K [0x0000000082e00000, 0x0000000100000000)
  region size 1024K, 4 young (4096K), 3 survivors (3072K)
 Metaspace       used 23430K, committed 23808K, reserved 1114112K
  class space    used 3044K, committed 3200K, reserved 1048576K
}
Event: 3.866 GC heap after
{Heap after GC invocations=6 (full 0):
 garbage-first heap   total 61440K, used 17623K [0x0000000082e00000, 0x0000000100000000)
  region size 1024K, 1 young (1024K), 1 survivors (1024K)
 Metaspace       used 23430K, committed 23808K, reserved 1114112K
  class space    used 3044K, committed 3200K, reserved 1048576K
}
Event: 4.864 GC heap before
{Heap before GC invocations=6 (full 0):
 garbage-first heap   total 61440K, used 40151K [0x0000000082e00000, 0x0000000100000000)
  region size 1024K, 24 young (24576K), 1 survivors (1024K)
 Metaspace       used 26600K, committed 27008K, reserved 1114112K
  class space    used 3610K, committed 3776K, reserved 1048576K
}
Event: 4.868 GC heap after
{Heap after GC invocations=7 (full 0):
 garbage-first heap   total 61440K, used 18733K [0x0000000082e00000, 0x0000000100000000)
  region size 1024K, 2 young (2048K), 2 survivors (2048K)
 Metaspace       used 26600K, committed 27008K, reserved 1114112K
  class space    used 3610K, committed 3776K, reserved 1048576K
}
Event: 5.819 GC heap before
{Heap before GC invocations=7 (full 0):
 garbage-first heap   total 61440K, used 42285K [0x0000000082e00000, 0x0000000100000000)
  region size 1024K, 26 young (26624K), 2 survivors (2048K)
 Metaspace       used 30363K, committed 30912K, reserved 1114112K
  class space    used 4172K, committed 4416K, reserved 1048576K
}
Event: 5.825 GC heap after
{Heap after GC invocations=8 (full 0):
 garbage-first heap   total 61440K, used 21208K [0x0000000082e00000, 0x0000000100000000)
  region size 1024K, 4 young (4096K), 4 survivors (4096K)
 Metaspace       used 30363K, committed 30912K, reserved 1114112K
  class space    used 4172K, committed 4416K, reserved 1048576K
}
Event: 6.205 GC heap before
{Heap before GC invocations=8 (full 0):
 garbage-first heap   total 61440K, used 48856K [0x0000000082e00000, 0x0000000100000000)
  region size 1024K, 27 young (27648K), 4 survivors (4096K)
 Metaspace       used 32101K, committed 32640K, reserved 1114112K
  class space    used 4345K, committed 4608K, reserved 1048576K
}
Event: 6.215 GC heap after
{Heap after GC invocations=9 (full 0):
 garbage-first heap   total 61440K, used 26400K [0x0000000082e00000, 0x0000000100000000)
  region size 1024K, 4 young (4096K), 4 survivors (4096K)
 Metaspace       used 32101K, committed 32640K, reserved 1114112K
  class space    used 4345K, committed 4608K, reserved 1048576K
}
Event: 6.667 GC heap before
{Heap before GC invocations=9 (full 0):
 garbage-first heap   total 61440K, used 45856K [0x0000000082e00000, 0x0000000100000000)
  region size 1024K, 22 young (22528K), 4 survivors (4096K)
 Metaspace       used 33651K, committed 34240K, reserved 1114112K
  class space    used 4559K, committed 4800K, reserved 1048576K
}

